<?xml version="1.0" encoding="UTF-8"?>
<!-- Generated by org.testng.reporters.JUnitXMLReporter -->
<testsuite hostname="C02YTCS1LVCG" ignored="0" name="Command line test" tests="4" failures="0" timestamp="2021-03-20T21:27:21 IST" time="14.088" errors="0">
  <testcase name="AppFunTest" time="0.002" classname="com.rkcompany.app.AppTest"/>
  <testcase name="RestAPITest" time="0.0" classname="com.rkcompany.app.SDKTest"/>
  <testcase name="OpenURLFuntest" time="14.061" classname="com.rkcompany.app.OpenURLTest"/>
  <testcase name="RestAPITest" time="0.0" classname="com.rkcompany.app.RestAPITest"/>
</testsuite> <!-- Command line test -->
