<?xml version="1.0" encoding="UTF-8"?>
<!-- Generated by org.testng.reporters.JUnitXMLReporter -->
<testsuite hostname="C02YTCS1LVCG" ignored="0" name="NonMobileFromSelenium" tests="4" failures="0" timestamp="20 Mar 2021 04:40:24 GMT" time="0.006" errors="0">
  <testcase name="LoginTest" time="0.0" classname="sampletestng.SeleniumTest"/>
  <testcase name="LoginTest" time="0.001" classname="sampletestng.SeleniumTest"/>
  <testcase name="LoginTest" time="0.001" classname="sampletestng.SeleniumTest"/>
  <testcase name="LogoutTest" time="0.001" classname="sampletestng.SeleniumTest"/>
</testsuite> <!-- NonMobileFromSelenium -->
