<?xml version="1.0" encoding="UTF-8"?>
<!-- Generated by org.testng.reporters.JUnitXMLReporter -->
<testsuite hostname="C02YTCS1LVCG" ignored="0" name="Test_Parameterization" tests="5" failures="0" timestamp="20 Mar 2021 06:41:53 GMT" time="0.031" errors="0">
  <testcase name="LoginTest" time="0.006" classname="sampletestng.ParamsTest"/>
  <testcase name="LoginTest" time="0.001" classname="sampletestng.ParamsTest"/>
  <testcase name="LoginTest" time="0.001" classname="sampletestng.ParamsTest"/>
  <testcase name="LogoutTest" time="0.001" classname="sampletestng.ParamsTest"/>
  <testcase name="SimpleParamTest" time="0.001" classname="sampletestng.ParamsTest"/>
</testsuite> <!-- Test_Parameterization -->
