<?xml version="1.0" encoding="UTF-8"?>
<!-- Generated by org.testng.reporters.JUnitXMLReporter -->
<testsuite hostname="C02YTCS1LVCG" ignored="0" name="Test3_CompleteRegression]" tests="4" failures="0" timestamp="20 Mar 2021 06:49:14 GMT" time="0.007" errors="0">
  <testcase name="RESTRegression1Test" time="0.001" classname="restapitests.RestAPITest"/>
  <testcase name="RESTRegression2Test" time="0.001" classname="restapitests.RestAPITest"/>
  <testcase name="RESTSanity1Test" time="0.001" classname="restapitests.RestAPITest"/>
  <testcase name="RESTSanity2Test" time="0.001" classname="restapitests.RestAPITest"/>
</testsuite> <!-- Test3_CompleteRegression] -->
