<?xml version="1.0" encoding="UTF-8"?>
<!-- Generated by org.testng.reporters.JUnitXMLReporter -->
<testsuite hostname="C02YTCS1LVCG" ignored="2" name="Test1" tests="2" failures="0" timestamp="20 Mar 2021 06:46:38 GMT" time="0.023" errors="0">
  <testcase name="RESTSanity1Test" time="0.007" classname="restapitests.RestAPITest"/>
  <testcase name="RESTSanity2Test" time="0.001" classname="restapitests.RestAPITest"/>
  <testcase name="RESTRegression1Test" time="0.0" classname="restapitests.RestAPITest">
    <ignored/>
  </testcase> <!-- RESTRegression1Test -->
  <testcase name="RESTRegression2Test" time="0.0" classname="restapitests.RestAPITest">
    <ignored/>
  </testcase> <!-- RESTRegression2Test -->
</testsuite> <!-- Test1 -->
