<?xml version="1.0" encoding="UTF-8"?>
<!-- Generated by org.testng.reporters.JUnitXMLReporter -->
<testsuite hostname="C02YTCS1LVCG" ignored="2" name="Test2_SmokeOnly" tests="2" failures="0" timestamp="20 Mar 2021 06:49:14 GMT" time="0.004" errors="0">
  <testcase name="RESTRegression1Test" time="0.001" classname="restapitests.RestAPITest"/>
  <testcase name="RESTRegression2Test" time="0.001" classname="restapitests.RestAPITest"/>
  <testcase name="RESTSanity2Test" time="0.0" classname="restapitests.RestAPITest">
    <ignored/>
  </testcase> <!-- RESTSanity2Test -->
  <testcase name="RESTSanity1Test" time="0.0" classname="restapitests.RestAPITest">
    <ignored/>
  </testcase> <!-- RESTSanity1Test -->
</testsuite> <!-- Test2_SmokeOnly -->
