<?xml version="1.0" encoding="UTF-8"?>
<testng-results skipped="0" failed="0" ignored="0" total="1" passed="1">
  <reporter-output>
  </reporter-output>
  <suite name="Default suite" duration-ms="12573" started-at="2021-03-21T03:22:45Z" finished-at="2021-03-21T03:22:57Z">
    <groups>
    </groups>
    <test name="Default test" duration-ms="12573" started-at="2021-03-21T03:22:45Z" finished-at="2021-03-21T03:22:57Z">
      <class name="testcases.LoginApplication">
        <test-method status="PASS" signature="Login()[pri:0, instance:testcases.LoginApplication@735b5592]" name="Login" duration-ms="12558" started-at="2021-03-21T03:22:45Z" finished-at="2021-03-21T03:22:57Z">
          <reporter-output>
          </reporter-output>
        </test-method> <!-- Login -->
      </class> <!-- testcases.LoginApplication -->
    </test> <!-- Default test -->
  </suite> <!-- Default suite -->
</testng-results>
